<?xml version="1.0" encoding="UTF-8"?>
<testsuite name="us.sodiumlabs.testgame.math.SinCosCalculatorTest" tests="2" skipped="0" failures="0" errors="0" timestamp="2015-01-18T05:19:18" hostname="Raijin" time="1.595">
  <properties/>
  <testcase name="testCosSpeed" classname="us.sodiumlabs.testgame.math.SinCosCalculatorTest" time="0.885"/>
  <testcase name="testSinSpeed" classname="us.sodiumlabs.testgame.math.SinCosCalculatorTest" time="0.709"/>
  <system-out><![CDATA[]]></system-out>
  <system-err><![CDATA[]]></system-err>
</testsuite>
